
0.0.12

  * packaging: add rpm/deb/msi support
  * README: update install section
  * release: update release script

  - mh-cbon <mh-cbon@users.noreply.github.com>

-- mh-cbon <mh-cbon@users.noreply.github.com>; Sat, 23 Jul 2016 19:30:02 +0200



0.0.11

  * add --short option for a better/shorter output
  * improve release scripts

  - mh-cbon <mh-cbon@users.noreply.github.com>

-- mh-cbon <mh-cbon@users.noreply.github.com>; Sat, 18 Jun 2016 23:32:33 +0200



0.0.10

  * pass test
  * display output of failed commands too

  - mh-cbon <mh-cbon@users.noreply.github.com>

-- mh-cbon <mh-cbon@users.noreply.github.com>; Sat, 18 Jun 2016 23:14:53 +0200



0.0.9

  * go fmt
  * add tests
  * add new tokens %f and %fname
  * format output
  * add release scripts

  - mh-cbon <mh-cbon@users.noreply.github.com>

-- mh-cbon <mh-cbon@users.noreply.github.com>; Sat, 18 Jun 2016 15:09:05 +0200



0.0.8

  * go fmt, gitignore
  * Improve release scripts
  * add --series option to execute command in serie rather than parallel
  * add --dry option to preview commands to execute
  * add --change-dir option to change cwd
  * add %dname and %d tags

  - mh-cbon <mh-cbon@users.noreply.github.com>

-- mh-cbon <mh-cbon@users.noreply.github.com>; Thu, 16 Jun 2016 21:39:26 +0200



0.0.7

  * Ensure -v flag return corrects version
  * update release scripts

  - mh-cbon <mh-cbon@users.noreply.github.com>

-- mh-cbon <mh-cbon@users.noreply.github.com>; Mon, 13 Jun 2016 22:05:08 +0200



0.0.6

  * empty.


-- N/A; Sat, 23 Jul 2016 19:30:06 +0200



0.0.5

  * cosmetic

  - mh-cbon <mh-cbon@users.noreply.github.com>

-- mh-cbon <mh-cbon@users.noreply.github.com>; Sun, 12 Jun 2016 15:41:10 +0200



0.0.4

  * add release scripts

  - mh-cbon <mh-cbon@users.noreply.github.com>

-- mh-cbon <mh-cbon@users.noreply.github.com>; Sun, 12 Jun 2016 15:36:47 +0200



0.0.3

  * fix pattern matching
  * update examples

  - mh-cbon <mh-cbon@users.noreply.github.com>

-- mh-cbon <mh-cbon@users.noreply.github.com>; Sun, 12 Jun 2016 15:36:02 +0200



0.0.2

  * add version scripts

  - mh-cbon <mh-cbon@users.noreply.github.com>

-- mh-cbon <mh-cbon@users.noreply.github.com>; Sun, 12 Jun 2016 15:20:55 +0200



0.0.1

  * Initial release

  - mh-cbon <mh-cbon@users.noreply.github.com>

-- mh-cbon <mh-cbon@users.noreply.github.com>; Sun, 12 Jun 2016 15:20:40 +0200


